<?xml version="1.0" encoding="UTF-8"?>
<!-- Generated by org.testng.reporters.JUnitReportReporter -->
<testsuite hostname="LAPTOP-68CFRIHA" failures="0" tests="1" name="rahulshettyacademy.Tests.ErrorValidations" time="23.544" errors="0" timestamp="2022-12-25T16:45:34 PST" skipped="0">
  <testcase classname="rahulshettyacademy.Tests.ErrorValidations" name="producterrorvalidation" time="23.544"/>
  <system-out/>
</testsuite> <!-- rahulshettyacademy.Tests.ErrorValidations -->
